TN:
SF:mongoCaller.js
FN:14,(anonymous_0)
FN:23,(anonymous_1)
FN:27,(anonymous_2)
FN:32,(anonymous_3)
FN:36,(anonymous_4)
FN:41,(anonymous_5)
FN:45,(anonymous_6)
FN:51,(anonymous_7)
FN:55,(anonymous_8)
FN:61,(anonymous_9)
FN:66,(anonymous_10)
FN:72,(anonymous_11)
FN:74,(anonymous_12)
FN:81,(anonymous_13)
FN:84,(anonymous_14)
FN:87,(anonymous_15)
FN:92,(anonymous_16)
FN:116,(anonymous_17)
FN:133,(anonymous_18)
FN:139,(anonymous_19)
FN:141,(anonymous_20)
FN:147,(anonymous_21)
FN:149,(anonymous_22)
FN:169,(anonymous_23)
FN:188,(anonymous_24)
FN:195,(anonymous_25)
FN:213,(anonymous_26)
FN:219,(anonymous_27)
FN:231,(anonymous_28)
FN:237,(anonymous_29)
FN:242,(anonymous_30)
FN:249,(anonymous_31)
FN:254,(anonymous_32)
FN:260,(anonymous_33)
FN:265,(anonymous_34)
FNF:35
FNH:33
FNDA:1,(anonymous_0)
FNDA:1,(anonymous_1)
FNDA:1,(anonymous_2)
FNDA:1,(anonymous_3)
FNDA:1,(anonymous_4)
FNDA:1,(anonymous_5)
FNDA:1,(anonymous_6)
FNDA:1,(anonymous_7)
FNDA:1,(anonymous_8)
FNDA:1,(anonymous_9)
FNDA:1,(anonymous_10)
FNDA:1,(anonymous_11)
FNDA:1,(anonymous_12)
FNDA:1,(anonymous_13)
FNDA:1,(anonymous_14)
FNDA:567,(anonymous_15)
FNDA:123,(anonymous_16)
FNDA:1,(anonymous_17)
FNDA:1,(anonymous_18)
FNDA:0,(anonymous_19)
FNDA:0,(anonymous_20)
FNDA:1,(anonymous_21)
FNDA:1,(anonymous_22)
FNDA:1,(anonymous_23)
FNDA:1,(anonymous_24)
FNDA:1,(anonymous_25)
FNDA:1,(anonymous_26)
FNDA:1,(anonymous_27)
FNDA:1,(anonymous_28)
FNDA:1,(anonymous_29)
FNDA:1,(anonymous_30)
FNDA:1,(anonymous_31)
FNDA:1,(anonymous_32)
FNDA:1,(anonymous_33)
FNDA:1,(anonymous_34)
DA:1,1
DA:2,1
DA:3,1
DA:4,1
DA:5,1
DA:6,1
DA:7,1
DA:8,1
DA:11,1
DA:13,1
DA:15,1
DA:16,1
DA:17,1
DA:18,1
DA:20,1
DA:21,1
DA:23,1
DA:25,1
DA:28,1
DA:32,1
DA:34,1
DA:37,1
DA:41,1
DA:43,1
DA:46,1
DA:51,1
DA:52,1
DA:56,1
DA:61,1
DA:63,1
DA:67,1
DA:72,1
DA:73,1
DA:75,1
DA:81,1
DA:83,1
DA:87,1
DA:88,567
DA:92,1
DA:94,123
DA:95,123
DA:97,123
DA:102,1
DA:107,1
DA:110,1
DA:116,1
DA:118,1
DA:134,1
DA:139,1
DA:140,0
DA:142,0
DA:147,1
DA:148,1
DA:150,1
DA:161,1
DA:162,1
DA:164,1
DA:169,1
DA:171,1
DA:189,1
DA:195,1
DA:197,1
DA:214,1
DA:219,1
DA:220,1
DA:232,1
DA:237,1
DA:239,1
DA:244,1
DA:249,1
DA:251,1
DA:255,1
DA:260,1
DA:262,1
DA:266,1
DA:286,1
LF:76
LH:74
BRDA:88,0,0,208
BRDA:88,0,1,359
BRDA:88,1,0,358
BRDA:88,1,1,1
BRDA:94,2,0,8
BRDA:94,2,1,115
BRDA:95,3,0,7
BRDA:95,3,1,116
BRDA:97,4,0,3
BRDA:97,4,1,120
BRDA:97,5,0,1
BRDA:97,5,1,119
BRF:12
BRH:12
end_of_record
